<?xml version="1.0" encoding="UTF-8"?>
<!-- Generated by org.testng.reporters.JUnitXMLReporter -->
<testsuite ignored="1" hostname="NITHIYAPRASAD" failures="0" tests="1" name="Default test" time="22.91" errors="0" timestamp="2023-10-05T11:21:44 IST">
  <testcase classname="PageRunner.FlightTripsRunner" name="TwoWaytrip" time="18.652"/>
  <testcase classname="PageRunner.FlightTripsRunner" name="OneWaytrip" time="0.0">
    <ignored/>
  </testcase> <!-- OneWaytrip -->
</testsuite> <!-- Default test -->
