<?xml version="1.0" encoding="UTF-8"?>
<!-- Generated by org.testng.reporters.JUnitXMLReporter -->
<testsuite ignored="0" hostname="NITHIYAPRASAD" failures="0" tests="4" name="Default test" time="15.196" errors="0" timestamp="2023-10-03T22:07:51 IST">
  <testcase classname="PageRunner.SignupRunner" name="NameTitle" time="10.639"/>
  <testcase classname="PageRunner.SignupRunner" name="Firstname" time="0.071"/>
  <testcase classname="PageRunner.SignupRunner" name="doB" time="0.014"/>
  <testcase classname="PageRunner.SignupRunner" name="lastname" time="0.016"/>
</testsuite> <!-- Default test -->
