<?xml version="1.0" encoding="UTF-8"?>
<!-- Generated by org.testng.reporters.JUnitXMLReporter -->
<testsuite ignored="6" hostname="NITHIYAPRASAD" failures="0" tests="17" name="Test" time="109.86" errors="0" timestamp="2023-10-05T11:24:56 IST">
  <testcase classname="PageRunner.HomePageRunner" name="HomePageMenuLinks" time="6.632"/>
  <testcase classname="PageRunner.HomePageRunner" name="SignupClick" time="1.011"/>
  <testcase classname="PageRunner.HomePageRunner" name="ChecksignupTitle" time="3.31"/>
  <testcase classname="PageRunner.HomePageRunner" name="checkSignupDetails" time="0.127"/>
  <testcase classname="PageRunner.SignupRunner" name="NameTitle" time="0.462"/>
  <testcase classname="PageRunner.SignupRunner" name="Firstname" time="0.564"/>
  <testcase classname="PageRunner.SignupRunner" name="lastname" time="0.45"/>
  <testcase classname="PageRunner.SignupRunner" name="doB" time="0.978"/>
  <testcase classname="PageRunner.SignupRunner" name="Mobilenumber" time="15.589"/>
  <testcase classname="PageRunner.SignupRunner" name="email" time="1.268"/>
  <testcase classname="PageRunner.SignupRunner" name="Passwords" time="1.347"/>
  <testcase classname="PageRunner.SignupRunner" name="SubmittheSignup" time="30.721"/>
  <testcase classname="PageRunner.SignupRunner" name="closewindow" time="0.143"/>
  <testcase classname="PageRunner.LoginRunner" name="loginPage" time="2.722"/>
  <testcase classname="PageRunner.LoginRunner" name="validLoginDetails" time="9.187"/>
  <testcase classname="PageRunner.FlightTripsRunner" name="OneWaytrip" time="14.403"/>
  <testcase classname="PageRunner.FlightTripsRunner" name="TwoWaytrip" time="17.937"/>
  <testcase classname="DriverSetup.BrowserSetup" name="@BeforeTest setUp" time="0.0">
    <ignored/>
  </testcase> <!-- @BeforeTest setUp -->
  <testcase classname="DriverSetup.BrowserSetup" name="@AfterSuite closeDriverObjects" time="0.0">
    <ignored/>
  </testcase> <!-- @AfterSuite closeDriverObjects -->
  <testcase classname="DriverSetup.BrowserSetup" name="@BeforeTest setUp" time="0.0">
    <ignored/>
  </testcase> <!-- @BeforeTest setUp -->
  <testcase classname="DriverSetup.BrowserSetup" name="@AfterSuite closeDriverObjects" time="0.0">
    <ignored/>
  </testcase> <!-- @AfterSuite closeDriverObjects -->
  <testcase classname="DriverSetup.BrowserSetup" name="@AfterSuite closeDriverObjects" time="0.0">
    <ignored/>
  </testcase> <!-- @AfterSuite closeDriverObjects -->
  <testcase classname="DriverSetup.BrowserSetup" name="@BeforeTest setUp" time="0.0">
    <ignored/>
  </testcase> <!-- @BeforeTest setUp -->
</testsuite> <!-- Test -->
